<?xml version="1.0" encoding="UTF-8"?>
<testsuites>
  <testsuite name="Home Page Suite" timestamp="2021-05-13T13:37:27" time="4.264" tests="1" failures="1" errors="1" skipped="0">
    <properties>
      <property name="specId" value="0"/>
      <property name="suiteName" value="Home Page Suite"/>
      <property name="capabilities" value="chrome.90_0_4430_212.macosx"/>
      <property name="file" value="./test/specs/home.spec.js"/>
    </properties>
    <testcase classname="chrome.90_0_4430_212.macosx.Home Page Suite" name="should have Load Delay section" time="4.254">
      <failure/>
      <error message="expect(received).toEqual(expected) // deep equality&#xA;&#xA;Expected: &quot;nnnn&quot;&#xA;Received: &quot;Load Delay&quot;"/>
      <system-out><![CDATA[
COMMAND: POST /session/74d4f9953101f0f615c7b1bdf6d52336/url - {"url":"http://uitestingplayground.com/home"}
RESULT: {"url":"http://uitestingplayground.com/home"}
COMMAND: POST /session/74d4f9953101f0f615c7b1bdf6d52336/element - {"using":"css selector","value":"body"}
RESULT: {"using":"css selector","value":"body"}
COMMAND: GET /session/74d4f9953101f0f615c7b1bdf6d52336/element/6892219c-d618-4f6d-971d-d5b8badecf44/text - {}
RESULT: {}
COMMAND: POST /session/74d4f9953101f0f615c7b1bdf6d52336/elements - {"using":"css selector","value":"#overview .col-sm"}
RESULT: {"using":"css selector","value":"#overview .col-sm"}
COMMAND: POST /session/74d4f9953101f0f615c7b1bdf6d52336/element/e715bf41-8ea4-4c14-b96e-75ff569b386b/element - {"using":"css selector","value":"h3"}
RESULT: {"using":"css selector","value":"h3"}
COMMAND: GET /session/74d4f9953101f0f615c7b1bdf6d52336/element/7723d2bd-72f7-4a5b-a8e8-accd576ad230/text - {}
RESULT: {}
COMMAND: GET /session/74d4f9953101f0f615c7b1bdf6d52336/screenshot - {}
RESULT: {}
COMMAND: DELETE /session/74d4f9953101f0f615c7b1bdf6d52336 - {}
RESULT: {}
]]></system-out>
      <system-err><![CDATA[
Error: expect(received).toEqual(expected) // deep equality

Expected: "nnnn"
Received: "Load Delay"
    at Context.<anonymous> (/Users/mykhailo.kriuchek/Documents/Project/lerningProj/webdriverio-mocha-uiautomation-boiler/test/specs/home.spec.js:9:42)
]]></system-err>
    </testcase>
  </testsuite>
</testsuites>